Unity Editor version:    2020.3.19f1 (68f137dc9bbe)
Branch:                  2020.3/staging
Build type:              Release
Batch mode:              YES
macOS version:           Version 11.6 (Build 20G165)
Darwin version:          20.6.0
Architecture:            x86_64
Running under Rosetta:   NO
Available memory:        8192 MB
Using pre-set license
Pro License: NO

COMMAND LINE ARGUMENTS:
/Applications/Unity/Hub/Editor/2020.3.19f1/Unity.app/Contents/MacOS/Unity
-adb2
-batchMode
-noUpm
-name
AssetImportWorker27
-projectPath
/Users/lejan/Documents/Github/Ejercicio-opcional-2/Ejercicio opcional 2
-logFile
Logs/AssetImportWorker27.log
-srvPort
52114
Successfully changed project path to: /Users/lejan/Documents/Github/Ejercicio-opcional-2/Ejercicio opcional 2
/Users/lejan/Documents/Github/Ejercicio-opcional-2/Ejercicio opcional 2
Using Asset Import Pipeline V2.
Refreshing native plugins compatible for Editor in 1056.78 ms, found 2 plugins.
Preloading 0 native plugins for Editor in 0.00 ms.
Initialize engine version: 2020.3.19f1 (68f137dc9bbe)
[Subsystems] Discovering subsystems at path /Applications/Unity/Hub/Editor/2020.3.19f1/Unity.app/Contents/Resources/UnitySubsystems
[Subsystems] Discovering subsystems at path /Users/lejan/Documents/Github/Ejercicio-opcional-2/Ejercicio opcional 2/Assets
GfxDevice: creating device client; threaded=0
2021-12-14 20:16:03.156 Unity[19445:1699286] iMac preferred device: AMD Radeon Pro 555X (high power)
2021-12-14 20:16:03.218 Unity[19445:1699286] Metal devices available: 1
2021-12-14 20:16:03.219 Unity[19445:1699286] 0: AMD Radeon Pro 555X (high power)
2021-12-14 20:16:03.219 Unity[19445:1699286] Using device AMD Radeon Pro 555X (high power)
Initializing Metal device caps: AMD Radeon Pro 555X
